#
# A fatal error has been detected by the Java Runtime Environment:
#
#  SIGSEGV (0xb) at pc=0x0000000112c31384, pid=7803, tid=0x0000000000001b03
#
# JRE version: Java(TM) SE Runtime Environment (8.0_144-b01) (build 1.8.0_144-b01)
# Java VM: Java HotSpot(TM) 64-Bit Server VM (25.144-b01 mixed mode bsd-amd64 compressed oops)
# Problematic frame:
# J 1970% C1 com.sonicbase.server.DatabaseServer.fromUnsafeToRecords(Ljava/lang/Object;)[[B (704 bytes) @ 0x0000000112c31384 [0x0000000112c2f400+0x1f84]
#
# Failed to write core dump. Core dumps have been disabled. To enable core dumping, try "ulimit -c unlimited" before starting Java again
#
# If you would like to submit a bug report, please visit:
#   http://bugreport.java.com/bugreport/crash.jsp
#

---------------  T H R E A D  ---------------

Current thread (0x00007ffbfb008000):  JavaThread "main" [_thread_in_Java, id=6915, stack(0x0000700009df7000,0x0000700009ef7000)]

siginfo: si_signo: 11 (SIGSEGV), si_code: 1 (SEGV_MAPERR), si_addr: 0x00007ffbfa400000

Registers:
RAX=0x000000076cfe1c80, RBX=0x000000000000000c, RCX=0x0000000000000000, RDX=0x00000006c3025d18
RSP=0x0000700009ef4370, RBP=0x0000700009ef46b8, RSI=0x00007ffbfa3ffff4, RDI=0x000000076cfe1a28
R8 =0x0000000000190000, R9 =0x000000000011ad44, R10=0x00007ffbfa200000, R11=0x000000000011ad3c
R12=0x0000000000000000, R13=0x00000000007e32e0, R14=0x00000001304d27d8, R15=0x00007ffbfb008000
RIP=0x0000000112c31384, EFLAGS=0x0000000000010202, ERR=0x0000000000000004
  TRAPNO=0x000000000000000e

Top of Stack: (sp=0x0000700009ef4370)
0x0000700009ef4370:   0000000000000141 000000012fd90780
0x0000700009ef4380:   000000010ce3ba00 000000010ce3ba00
0x0000700009ef4390:   0000700009ef4470 00007fffa9f91472
0x0000700009ef43a0:   0000700009ef44b0 0000000000000010
0x0000700009ef43b0:   000000000000011c 00007ffbfa204f20
0x0000700009ef43c0:   0000700009ef4410 000000010e29c13d
0x0000700009ef43d0:   00007ffbfb008000 000000012fd90780
0x0000700009ef43e0:   0000000000000000 0000700009ef4498
0x0000700009ef43f0:   0000700009ef4410 0000000000000000
0x0000700009ef4400:   000000010ce3ba00 0000000000000070
0x0000700009ef4410:   0000700009ef4430 0000000000000007
0x0000700009ef4420:   00000000fa200d40 00007ffbfa200d40
0x0000700009ef4430:   000000010ce38000 fd00000070001000
0x0000700009ef4440:   000000000000ffff 0000000000000000
0x0000700009ef4450:   0000000000000000 0000000112c2e990
0x0000700009ef4460:   00007fffb2d21000 0000000000000070
0x0000700009ef4470:   0000700009ef44a0 00007fffa9f91282
0x0000700009ef4480:   0000000000000070 0000700009ef4548
0x0000700009ef4490:   0000000000000004 0000000000000070
0x0000700009ef44a0:   0000700009ef44c0 00007fffa9f90200
0x0000700009ef44b0:   000000076cfe1a40 0000700009ef4548
0x0000700009ef44c0:   00000006c14a83a0 000000010e485cf6
0x0000700009ef44d0:   001900000001fde4 000000076cfe1c80
0x0000700009ef44e0:   0001fdec00000000 000000076cfe1a40
0x0000700009ef44f0:   000000076cfe1a28 00000006c14a83a0
0x0000700009ef4500:   00000006c3025d18 000000010e4e5a0c
0x0000700009ef4510:   0000000009ef4550 0000700009ef45a8
0x0000700009ef4520:   00000001125fbb58 00000001125e05d0
0x0000700009ef4530:   0000000100000000 0000700009ef45e8
0x0000700009ef4540:   0000700009ef45a8 0000000000000000
0x0000700009ef4550:   0000000000000000 0000000000000000
0x0000700009ef4560:   0000000000000000 0000000100000000 

Instructions: (pc=0x0000000112c31384)
0x0000000112c31364:   83 fd 00 0f 84 7c 54 00 00 48 8b 77 10 48 3b 03
0x0000000112c31374:   49 63 d9 48 03 f3 48 bb 0c 00 00 00 00 00 00 00
0x0000000112c31384:   0f be 34 1e 49 63 db 44 3b 58 0c 0f 83 7a 54 00
0x0000000112c31394:   00 4c 8b ee 41 83 e5 01 44 8b 70 08 49 c1 e6 03 

Register to memory mapping:

RAX=0x000000076cfe1c80 is an oop
[B 
 - klass: {type array byte}
 - length: 1638400
RBX=0x000000000000000c is an unknown value
RCX=0x0000000000000000 is an unknown value
RDX=0x00000006c3025d18 is an oop
com.sonicbase.server.DatabaseServer 
 - klass: 'com/sonicbase/server/DatabaseServer'
RSP=0x0000700009ef4370 is pointing into the stack for thread: 0x00007ffbfb008000
RBP=0x0000700009ef46b8 is pointing into the stack for thread: 0x00007ffbfb008000
RSI=0x00007ffbfa3ffff4 is an unknown value
RDI=0x000000076cfe1a28 is an oop
java.lang.Long 
 - klass: 'java/lang/Long'
R8 =0x0000000000190000 is an unknown value
R9 =0x000000000011ad44 is an unknown value
R10=0x00007ffbfa200000 is an unknown value
R11=0x000000000011ad3c is an unknown value
R12=0x0000000000000000 is an unknown value
R13=0x00000000007e32e0 is an unknown value
R14=0x00000001304d27d8 is pointing into metadata
R15=0x00007ffbfb008000 is a thread


Stack: [0x0000700009df7000,0x0000700009ef7000],  sp=0x0000700009ef4370,  free space=1012k
Native frames: (J=compiled Java code, j=interpreted, Vv=VM code, C=native code)
J 1970% C1 com.sonicbase.server.DatabaseServer.fromUnsafeToRecords(Ljava/lang/Object;)[[B (704 bytes) @ 0x0000000112c31384 [0x0000000112c2f400+0x1f84]
j  com.sonicbase.server.UpdateManager.doActualInsertKeyWithRecord(Lcom/sonicbase/common/ComObject;Ljava/lang/String;[B[Ljava/lang/Object;Lcom/sonicbase/index/Index;Ljava/lang/String;Ljava/lang/String;ZZ)V+77
j  com.sonicbase.server.UpdateManager.doInsertKey(Lcom/sonicbase/common/ComObject;Ljava/lang/String;[B[Ljava/lang/Object;Lcom/sonicbase/index/Index;Ljava/lang/String;Ljava/lang/String;Z)V+15
j  com.sonicbase.server.UpdateManager.doInsertIndexEntryByKeyWithRecord(Lcom/sonicbase/common/ComObject;Lcom/sonicbase/common/ComObject;JJSZJZZ)Lcom/sonicbase/common/ComObject;+398
j  com.sonicbase.server.UpdateManager.insertIndexEntryByKeyWithRecord(Lcom/sonicbase/common/ComObject;Z)Lcom/sonicbase/common/ComObject;+133
j  com.sonicbase.server.MethodInvoker.insertIndexEntryByKeyWithRecord(Lcom/sonicbase/common/ComObject;Z)Lcom/sonicbase/common/ComObject;+27
j  sun.reflect.GeneratedMethodAccessor7.invoke(Ljava/lang/Object;[Ljava/lang/Object;)Ljava/lang/Object;+71
J 1720 C2 java.lang.reflect.Method.invoke(Ljava/lang/Object;[Ljava/lang/Object;)Ljava/lang/Object; (62 bytes) @ 0x0000000112b617e8 [0x0000000112b61740+0xa8]
j  com.sonicbase.server.MethodInvoker.invokeMethod([BJJZZLjava/util/concurrent/atomic/AtomicLong;Ljava/util/concurrent/atomic/AtomicLong;)[B+525
j  com.sonicbase.server.DatabaseServer.invokeMethod([BJJZZLjava/util/concurrent/atomic/AtomicLong;Ljava/util/concurrent/atomic/AtomicLong;)[B+16
j  com.sonicbase.server.DatabaseServer.invokeMethod([BZZ)[B+12
j  com.sonicbase.client.DatabaseClient.invokeOnServer(Ljava/lang/Object;[BZZ)[B+8
j  com.sonicbase.client.DatabaseClient.send(Ljava/lang/String;[Lcom/sonicbase/client/DatabaseClient$Server;IJLcom/sonicbase/common/ComObject;Lcom/sonicbase/client/DatabaseClient$Replica;Z)[B+1305
j  com.sonicbase.client.DatabaseClient.send(Ljava/lang/String;IJLcom/sonicbase/common/ComObject;Lcom/sonicbase/client/DatabaseClient$Replica;Z)[B+16
j  com.sonicbase.client.DatabaseClient.send(Ljava/lang/String;IJLcom/sonicbase/common/ComObject;Lcom/sonicbase/client/DatabaseClient$Replica;)[B+9
j  com.sonicbase.client.DatabaseClient.insertKeyWithRecord(Ljava/lang/String;Ljava/lang/String;Lcom/sonicbase/client/DatabaseClient$KeyInfo;Lcom/sonicbase/common/Record;Z)V+198
j  com.sonicbase.client.DatabaseClient.doInsert(Ljava/lang/String;Lcom/sonicbase/query/impl/InsertStatementImpl;Lcom/sonicbase/jdbcdriver/ParameterHandler;)I+288
j  com.sonicbase.client.DatabaseClient.doInsert(Ljava/lang/String;Lcom/sonicbase/jdbcdriver/ParameterHandler;Lnet/sf/jsqlparser/statement/insert/Insert;)I+527
j  com.sonicbase.client.DatabaseClient.executeQuery(Ljava/lang/String;Lcom/sonicbase/jdbcdriver/QueryType;Ljava/lang/String;Lcom/sonicbase/jdbcdriver/ParameterHandler;ZLjava/lang/Long;Ljava/lang/Long;Ljava/lang/Short;ZLcom/sonicbase/procedure/StoredProcedureContextImpl;)Ljava/lang/Object;+584
j  com.sonicbase.client.DatabaseClient.executeQuery(Ljava/lang/String;Lcom/sonicbase/jdbcdriver/QueryType;Ljava/lang/String;Lcom/sonicbase/jdbcdriver/ParameterHandler;ZLcom/sonicbase/procedure/StoredProcedureContextImpl;)Ljava/lang/Object;+14
j  com.sonicbase.jdbcdriver.StatementProxy.executeUpdate()I+27
j  com.sonicbase.server.TestDatabase.beforeClass()V+1225
v  ~StubRoutines::call_stub
V  [libjvm.dylib+0x2ee70a]  JavaCalls::call_helper(JavaValue*, methodHandle*, JavaCallArguments*, Thread*)+0x6ae
V  [libjvm.dylib+0x4d3c0c]  Reflection::invoke(instanceKlassHandle, methodHandle, Handle, bool, objArrayHandle, BasicType, objArrayHandle, bool, Thread*)+0xe12
V  [libjvm.dylib+0x4d4140]  Reflection::invoke_method(oopDesc*, Handle, objArrayHandle, Thread*)+0x16c
V  [libjvm.dylib+0x346b0c]  JVM_InvokeMethod+0x166
j  sun.reflect.NativeMethodAccessorImpl.invoke0(Ljava/lang/reflect/Method;Ljava/lang/Object;[Ljava/lang/Object;)Ljava/lang/Object;+0
j  sun.reflect.NativeMethodAccessorImpl.invoke(Ljava/lang/Object;[Ljava/lang/Object;)Ljava/lang/Object;+100
j  sun.reflect.DelegatingMethodAccessorImpl.invoke(Ljava/lang/Object;[Ljava/lang/Object;)Ljava/lang/Object;+6
j  java.lang.reflect.Method.invoke(Ljava/lang/Object;[Ljava/lang/Object;)Ljava/lang/Object;+56
j  org.testng.internal.MethodInvocationHelper.invokeMethod(Ljava/lang/reflect/Method;Ljava/lang/Object;[Ljava/lang/Object;)Ljava/lang/Object;+242
j  org.testng.internal.Invoker.invokeConfigurationMethod([Ljava/lang/Object;Lorg/testng/ITestNGMethod;[Ljava/lang/Object;ZZLorg/testng/ITestResult;)V+213
j  org.testng.internal.Invoker.invokeConfigurations(Lorg/testng/IClass;Lorg/testng/ITestNGMethod;[Lorg/testng/ITestNGMethod;Lorg/testng/xml/XmlSuite;Ljava/util/Map;[Ljava/lang/Object;Ljava/lang/Object;Lorg/testng/ITestResult;)V+340
j  org.testng.internal.Invoker.invokeConfigurations(Lorg/testng/IClass;[Lorg/testng/ITestNGMethod;Lorg/testng/xml/XmlSuite;Ljava/util/Map;[Ljava/lang/Object;Ljava/lang/Object;)V+12
j  org.testng.internal.TestMethodWorker.invokeBeforeClassMethods(Lorg/testng/ITestClass;Lorg/testng/IMethodInstance;)V+165
j  org.testng.internal.TestMethodWorker.run()V+43
j  org.testng.TestRunner.privateRun(Lorg/testng/xml/XmlTest;)V+355
j  org.testng.TestRunner.run()V+26
j  org.testng.SuiteRunner.runTest(Lorg/testng/TestRunner;)V+1
j  org.testng.SuiteRunner.runSequentially()V+31
j  org.testng.SuiteRunner.privateRun()V+281
j  org.testng.SuiteRunner.run()V+6
j  org.testng.SuiteRunnerWorker.runSuite(Lorg/testng/internal/SuiteRunnerMap;Lorg/testng/xml/XmlSuite;)V+89
j  org.testng.SuiteRunnerWorker.run()V+12
j  org.testng.TestNG.runSuitesSequentially(Lorg/testng/xml/XmlSuite;Lorg/testng/internal/SuiteRunnerMap;ILjava/lang/String;)V+66
j  org.testng.TestNG.runSuitesLocally()Ljava/util/List;+143
j  org.testng.TestNG.run()V+77
j  org.testng.IDEARemoteTestNG.run()V+270
j  org.testng.RemoteTestNGStarter.main([Ljava/lang/String;)V+537
v  ~StubRoutines::call_stub
V  [libjvm.dylib+0x2ee70a]  JavaCalls::call_helper(JavaValue*, methodHandle*, JavaCallArguments*, Thread*)+0x6ae
V  [libjvm.dylib+0x325522]  jni_invoke_static(JNIEnv_*, JavaValue*, _jobject*, JNICallType, _jmethodID*, JNI_ArgumentPusher*, Thread*)+0x1bf
V  [libjvm.dylib+0x31e299]  jni_CallStaticVoidMethod+0x15d
C  [java+0x3931]  JavaMain+0x9c4
C  [libsystem_pthread.dylib+0x393b]  _pthread_body+0xb4
C  [libsystem_pthread.dylib+0x3887]  _pthread_body+0x0
C  [libsystem_pthread.dylib+0x308d]  thread_start+0xd
C  0x0000000000000000


---------------  P R O C E S S  ---------------

Java Threads: ( => current thread )
  0x00007ffbfb0c8000 JavaThread "Timer-15" [_thread_blocked, id=53003, stack(0x000070000f273000,0x000070000f373000)]
  0x00007ffbfca79800 JavaThread "Thread-71" [_thread_blocked, id=23307, stack(0x000070000b3b9000,0x000070000b4b9000)]
  0x00007ffbf998f000 JavaThread "Timer-13" [_thread_blocked, id=3851, stack(0x000070000ee67000,0x000070000ef67000)]
  0x00007ffbfca3d000 JavaThread "Abandoned connection cleanup thread" daemon [_thread_blocked, id=4359, stack(0x0000700009cf1000,0x0000700009df1000)]
  0x00007ffbfc241000 JavaThread "Timer-11" [_thread_blocked, id=54531, stack(0x000070000f170000,0x000070000f270000)]
  0x00007ffbfc1d2000 JavaThread "Thread-64" [_thread_blocked, id=54019, stack(0x000070000f06d000,0x000070000f16d000)]
  0x00007ffbf998b000 JavaThread "Thread-63" [_thread_blocked, id=53507, stack(0x000070000ef6a000,0x000070000f06a000)]
  0x00007ffbfabf3800 JavaThread "Thread-61" [_thread_blocked, id=52483, stack(0x000070000ed64000,0x000070000ee64000)]
  0x00007ffbfabf3000 JavaThread "Thread-60" [_thread_blocked, id=51971, stack(0x000070000ec61000,0x000070000ed61000)]
  0x00007ffbfb0cf000 JavaThread "Thread-59" [_thread_blocked, id=51459, stack(0x000070000eb5e000,0x000070000ec5e000)]
  0x00007ffbfb02a000 JavaThread "Thread-58" [_thread_blocked, id=50947, stack(0x000070000ea5b000,0x000070000eb5b000)]
  0x00007ffbfabf2000 JavaThread "Thread-57" [_thread_blocked, id=50435, stack(0x000070000e958000,0x000070000ea58000)]
  0x00007ffbfabf1800 JavaThread "Thread-56" [_thread_blocked, id=49923, stack(0x000070000e855000,0x000070000e955000)]
  0x00007ffbfabed000 JavaThread "Timer-10" [_thread_blocked, id=49411, stack(0x000070000e752000,0x000070000e852000)]
  0x00007ffbfabeb000 JavaThread "Thread-54" [_thread_blocked, id=48899, stack(0x000070000e64f000,0x000070000e74f000)]
  0x00007ffbfcbd2000 JavaThread "Thread-53" [_thread_blocked, id=48387, stack(0x000070000e54c000,0x000070000e64c000)]
  0x00007ffbfcc59800 JavaThread "Thread-52" [_thread_blocked, id=47875, stack(0x000070000e449000,0x000070000e549000)]
  0x00007ffbfbd46000 JavaThread "Thread-51" [_thread_blocked, id=47363, stack(0x000070000e346000,0x000070000e446000)]
  0x00007ffbfd2b5800 JavaThread "Timer-9" [_thread_blocked, id=45319, stack(0x000070000df3a000,0x000070000e03a000)]
  0x00007ffbfd2b2800 JavaThread "Timer-8" [_thread_blocked, id=46851, stack(0x000070000e243000,0x000070000e343000)]
  0x00007ffbfabec800 JavaThread "Thread-48" [_thread_blocked, id=46339, stack(0x000070000e140000,0x000070000e240000)]
  0x00007ffbfabeb800 JavaThread "Thread-47" [_thread_blocked, id=45827, stack(0x000070000e03d000,0x000070000e13d000)]
  0x00007ffbfcc58800 JavaThread "Thread-45" [_thread_blocked, id=44803, stack(0x000070000de37000,0x000070000df37000)]
  0x00007ffbf9ce4000 JavaThread "Thread-44" [_thread_blocked, id=44291, stack(0x000070000dd34000,0x000070000de34000)]
  0x00007ffbf9ce3800 JavaThread "Thread-43" [_thread_blocked, id=43779, stack(0x000070000dc31000,0x000070000dd31000)]
  0x00007ffbf924d000 JavaThread "Thread-42" [_thread_blocked, id=43267, stack(0x000070000db2e000,0x000070000dc2e000)]
  0x00007ffbf924c800 JavaThread "Thread-41" [_thread_blocked, id=42755, stack(0x000070000da2b000,0x000070000db2b000)]
  0x00007ffbf924b800 JavaThread "Thread-40" [_thread_blocked, id=42243, stack(0x000070000d928000,0x000070000da28000)]
  0x00007ffbf924b000 JavaThread "Timer-7" [_thread_blocked, id=41731, stack(0x000070000d825000,0x000070000d925000)]
  0x00007ffbf9153800 JavaThread "Thread-38" [_thread_blocked, id=41219, stack(0x000070000d722000,0x000070000d822000)]
  0x00007ffbf9153000 JavaThread "Thread-37" [_thread_blocked, id=40707, stack(0x000070000d61f000,0x000070000d71f000)]
  0x00007ffbf91b0000 JavaThread "Thread-36" [_thread_blocked, id=40195, stack(0x000070000d51c000,0x000070000d61c000)]
  0x00007ffbfcc58000 JavaThread "Thread-35" [_thread_blocked, id=39683, stack(0x000070000d419000,0x000070000d519000)]
  0x00007ffbfd2b2000 JavaThread "Timer-6" [_thread_blocked, id=39171, stack(0x000070000d316000,0x000070000d416000)]
  0x00007ffbfab00800 JavaThread "Timer-5" [_thread_blocked, id=37639, stack(0x000070000d00d000,0x000070000d10d000)]
  0x00007ffbfb49e000 JavaThread "Thread-32" [_thread_blocked, id=38659, stack(0x000070000d213000,0x000070000d313000)]
  0x00007ffbfbd70800 JavaThread "Thread-31" [_thread_blocked, id=38147, stack(0x000070000d110000,0x000070000d210000)]
  0x00007ffbfb49d000 JavaThread "Thread-29" [_thread_blocked, id=37123, stack(0x000070000cf0a000,0x000070000d00a000)]
  0x00007ffbfb49c800 JavaThread "Thread-28" [_thread_blocked, id=36611, stack(0x000070000ce07000,0x000070000cf07000)]
  0x00007ffbfbd6f800 JavaThread "Thread-27" [_thread_blocked, id=36099, stack(0x000070000cd04000,0x000070000ce04000)]
  0x00007ffbfc240800 JavaThread "Thread-26" [_thread_blocked, id=35587, stack(0x000070000cc01000,0x000070000cd01000)]
  0x00007ffbfbd6f000 JavaThread "Thread-25" [_thread_blocked, id=35075, stack(0x000070000cafe000,0x000070000cbfe000)]
  0x00007ffbfc23f800 JavaThread "Thread-24" [_thread_blocked, id=34563, stack(0x000070000c9fb000,0x000070000cafb000)]
  0x00007ffbf91b4800 JavaThread "Timer-4" [_thread_blocked, id=34051, stack(0x000070000c8f8000,0x000070000c9f8000)]
  0x00007ffbfbd6e000 JavaThread "Thread-22" [_thread_blocked, id=33539, stack(0x000070000c7f5000,0x000070000c8f5000)]
  0x00007ffbfbd6d800 JavaThread "Thread-21" [_thread_blocked, id=33027, stack(0x000070000c6f2000,0x000070000c7f2000)]
  0x00007ffbfd1c2000 JavaThread "Thread-20" [_thread_blocked, id=32515, stack(0x000070000c5ef000,0x000070000c6ef000)]
  0x00007ffbfbd7d000 JavaThread "Thread-19" [_thread_blocked, id=32003, stack(0x000070000c4ec000,0x000070000c5ec000)]
  0x00007ffbfbd7c000 JavaThread "Timer-3" [_thread_blocked, id=31491, stack(0x000070000c3e9000,0x000070000c4e9000)]
  0x00007ffbfbd7b800 JavaThread "Timer-2" [_thread_blocked, id=29959, stack(0x000070000c0e0000,0x000070000c1e0000)]
  0x00007ffbfaac6000 JavaThread "Thread-16" [_thread_blocked, id=30979, stack(0x000070000c2e6000,0x000070000c3e6000)]
  0x00007ffbfbc8c000 JavaThread "Thread-15" [_thread_blocked, id=30467, stack(0x000070000c1e3000,0x000070000c2e3000)]
  0x00007ffbfcbb5000 JavaThread "Thread-13" [_thread_blocked, id=29443, stack(0x000070000bfdd000,0x000070000c0dd000)]
  0x00007ffbfc9b0800 JavaThread "Thread-12" [_thread_blocked, id=28931, stack(0x000070000beda000,0x000070000bfda000)]
  0x00007ffbfc9b0000 JavaThread "Thread-11" [_thread_blocked, id=28419, stack(0x000070000bdd7000,0x000070000bed7000)]
  0x00007ffbfcbbf000 JavaThread "Thread-10" [_thread_blocked, id=27907, stack(0x000070000bcd4000,0x000070000bdd4000)]
  0x00007ffbfcbb1800 JavaThread "Thread-9" [_thread_blocked, id=27395, stack(0x000070000bbd1000,0x000070000bcd1000)]
  0x00007ffbfb49b800 JavaThread "Thread-8" [_thread_blocked, id=26883, stack(0x000070000bace000,0x000070000bbce000)]
  0x00007ffbfb3f2000 JavaThread "Timer-1" [_thread_blocked, id=26371, stack(0x000070000b9cb000,0x000070000bacb000)]
  0x00007ffbfc1a8000 JavaThread "Thread-6" [_thread_blocked, id=25859, stack(0x000070000b8c8000,0x000070000b9c8000)]
  0x00007ffbfc1a7000 JavaThread "Thread-5" [_thread_blocked, id=25347, stack(0x000070000b7c5000,0x000070000b8c5000)]
  0x00007ffbf9c2a800 JavaThread "Thread-4" [_thread_blocked, id=24835, stack(0x000070000b6c2000,0x000070000b7c2000)]
  0x00007ffbf9c41000 JavaThread "Thread-3" [_thread_blocked, id=24323, stack(0x000070000b5bf000,0x000070000b6bf000)]
  0x00007ffbfbd35800 JavaThread "Timer-0" [_thread_blocked, id=23811, stack(0x000070000b4bc000,0x000070000b5bc000)]
  0x00007ffbfc9a8800 JavaThread "Thread-0" [_thread_blocked, id=22787, stack(0x000070000b2b6000,0x000070000b3b6000)]
  0x00007ffbfc879800 JavaThread "Service Thread" daemon [_thread_blocked, id=21763, stack(0x000070000b0b0000,0x000070000b1b0000)]
  0x00007ffbfd019000 JavaThread "C1 CompilerThread3" daemon [_thread_blocked, id=21251, stack(0x000070000afad000,0x000070000b0ad000)]
  0x00007ffbf9011000 JavaThread "C2 CompilerThread2" daemon [_thread_blocked, id=20739, stack(0x000070000aeaa000,0x000070000afaa000)]
  0x00007ffbf9010000 JavaThread "C2 CompilerThread1" daemon [_thread_blocked, id=20227, stack(0x000070000ada7000,0x000070000aea7000)]
  0x00007ffbf9837000 JavaThread "C2 CompilerThread0" daemon [_thread_in_native, id=19715, stack(0x000070000aca4000,0x000070000ada4000)]
  0x00007ffbf9829000 JavaThread "Monitor Ctrl-Break" daemon [_thread_in_native, id=19203, stack(0x000070000aba1000,0x000070000aca1000)]
  0x00007ffbfb837000 JavaThread "Signal Dispatcher" daemon [_thread_blocked, id=18691, stack(0x000070000aa9e000,0x000070000ab9e000)]
  0x00007ffbf9817800 JavaThread "Finalizer" daemon [_thread_blocked, id=14339, stack(0x000070000a918000,0x000070000aa18000)]
  0x00007ffbfb01d800 JavaThread "Reference Handler" daemon [_thread_blocked, id=13827, stack(0x000070000a815000,0x000070000a915000)]
=>0x00007ffbfb008000 JavaThread "main" [_thread_in_Java, id=6915, stack(0x0000700009df7000,0x0000700009ef7000)]

Other Threads:
  0x00007ffbfb019000 VMThread [stack: 0x000070000a712000,0x000070000a812000] [id=13315]
  0x00007ffbfd022000 WatcherThread [stack: 0x000070000b1b3000,0x000070000b2b3000] [id=22275]

VM state:not at safepoint (normal execution)

VM Mutex/Monitor currently owned by a thread: None

Heap:
 PSYoungGen      total 272896K, used 41104K [0x000000076ab00000, 0x000000077c000000, 0x00000007c0000000)
  eden space 262144K, 15% used [0x000000076ab00000,0x000000076d324320,0x000000077ab00000)
  from space 10752K, 0% used [0x000000077b580000,0x000000077b580000,0x000000077c000000)
  to   space 10752K, 0% used [0x000000077ab00000,0x000000077ab00000,0x000000077b580000)
 ParOldGen       total 177152K, used 59171K [0x00000006c0000000, 0x00000006cad00000, 0x000000076ab00000)
  object space 177152K, 33% used [0x00000006c0000000,0x00000006c39c8fa0,0x00000006cad00000)
 Metaspace       used 21022K, capacity 21288K, committed 21552K, reserved 1069056K
  class space    used 2304K, capacity 2430K, committed 2432K, reserved 1048576K

Card table byte_map: [0x000000010f367000,0x000000010fb68000] byte_map_base: 0x000000010bd67000

Marking Bits: (ParMarkBitMap*) 0x000000010e8f35d0
 Begin Bits: [0x00000001215db000, 0x00000001255db000)
 End Bits:   [0x00000001255db000, 0x00000001295db000)

Polling page: 0x000000010cedc000

CodeCache: size=245760Kb used=6575Kb max_used=6587Kb free=239184Kb
 bounds [0x00000001125db000, 0x0000000112c5b000, 0x00000001215db000]
 total_blobs=2448 nmethods=1971 adapters=390
 compilation: enabled

Compilation events (10 events):
Event: 7.509 Thread 0x00007ffbfd019000 nmethod 1967 0x0000000112c12f50 code [0x0000000112c130c0, 0x0000000112c13230]
Event: 7.509 Thread 0x00007ffbfd019000 1968       3       net.sf.jsqlparser.parser.SimpleCharStream::getBeginColumn (10 bytes)
Event: 7.509 Thread 0x00007ffbfd019000 nmethod 1968 0x0000000112c13b90 code [0x0000000112c13d00, 0x0000000112c13e70]
Event: 7.510 Thread 0x00007ffbf9010000 nmethod 1959 0x0000000112c2d650 code [0x0000000112c2d7c0, 0x0000000112c2dab8]
Event: 7.513 Thread 0x00007ffbfd019000 1970 % !   3       com.sonicbase.server.DatabaseServer::fromUnsafeToRecords @ 284 (704 bytes)
Event: 7.515 Thread 0x00007ffbf9011000 nmethod 1964% 0x0000000112c2dd50 code [0x0000000112c2df00, 0x0000000112c2e538]
Event: 7.518 Thread 0x00007ffbfd019000 nmethod 1970% 0x0000000112c2e990 code [0x0000000112c2f400, 0x0000000112c37c08]
Event: 7.518 Thread 0x00007ffbfd019000 1971   !   3       com.sonicbase.server.DatabaseServer::fromUnsafeToRecords (704 bytes)
Event: 7.522 Thread 0x00007ffbfd019000 nmethod 1971 0x0000000112c3ef50 code [0x0000000112c3f9a0, 0x0000000112c47c08]
Event: 7.522 Thread 0x00007ffbf9010000 1972 % !   4       com.sonicbase.server.DatabaseServer::fromUnsafeToRecords @ 284 (704 bytes)

GC Heap History (10 events):
Event: 0.956 GC heap before
{Heap before GC invocations=1 (full 0):
 PSYoungGen      total 76288K, used 65536K [0x000000076ab00000, 0x0000000770000000, 0x00000007c0000000)
  eden space 65536K, 100% used [0x000000076ab00000,0x000000076eb00000,0x000000076eb00000)
  from space 10752K, 0% used [0x000000076f580000,0x000000076f580000,0x0000000770000000)
  to   space 10752K, 0% used [0x000000076eb00000,0x000000076eb00000,0x000000076f580000)
 ParOldGen       total 175104K, used 0K [0x00000006c0000000, 0x00000006cab00000, 0x000000076ab00000)
  object space 175104K, 0% used [0x00000006c0000000,0x00000006c0000000,0x00000006cab00000)
 Metaspace       used 11331K, capacity 11416K, committed 11520K, reserved 1058816K
  class space    used 1222K, capacity 1266K, committed 1280K, reserved 1048576K
Event: 0.991 GC heap after
Heap after GC invocations=1 (full 0):
 PSYoungGen      total 76288K, used 7696K [0x000000076ab00000, 0x0000000774000000, 0x00000007c0000000)
  eden space 65536K, 0% used [0x000000076ab00000,0x000000076ab00000,0x000000076eb00000)
  from space 10752K, 71% used [0x000000076eb00000,0x000000076f284348,0x000000076f580000)
  to   space 10752K, 0% used [0x0000000773580000,0x0000000773580000,0x0000000774000000)
 ParOldGen       total 175104K, used 80K [0x00000006c0000000, 0x00000006cab00000, 0x000000076ab00000)
  object space 175104K, 0% used [0x00000006c0000000,0x00000006c0014010,0x00000006cab00000)
 Metaspace       used 11331K, capacity 11416K, committed 11520K, reserved 1058816K
  class space    used 1222K, capacity 1266K, committed 1280K, reserved 1048576K
}
Event: 1.658 GC heap before
{Heap before GC invocations=2 (full 0):
 PSYoungGen      total 76288K, used 73232K [0x000000076ab00000, 0x0000000774000000, 0x00000007c0000000)
  eden space 65536K, 100% used [0x000000076ab00000,0x000000076eb00000,0x000000076eb00000)
  from space 10752K, 71% used [0x000000076eb00000,0x000000076f284348,0x000000076f580000)
  to   space 10752K, 0% used [0x0000000773580000,0x0000000773580000,0x0000000774000000)
 ParOldGen       total 175104K, used 80K [0x00000006c0000000, 0x00000006cab00000, 0x000000076ab00000)
  object space 175104K, 0% used [0x00000006c0000000,0x00000006c0014010,0x00000006cab00000)
 Metaspace       used 18266K, capacity 18536K, committed 18816K, reserved 1067008K
  class space    used 2014K, capacity 2134K, committed 2176K, reserved 1048576K
Event: 1.673 GC heap after
Heap after GC invocations=2 (full 0):
 PSYoungGen      total 141824K, used 10734K [0x000000076ab00000, 0x0000000774000000, 0x00000007c0000000)
  eden space 131072K, 0% used [0x000000076ab00000,0x000000076ab00000,0x0000000772b00000)
  from space 10752K, 99% used [0x0000000773580000,0x0000000773ffb9f0,0x0000000774000000)
  to   space 10752K, 0% used [0x0000000772b00000,0x0000000772b00000,0x0000000773580000)
 ParOldGen       total 175104K, used 6888K [0x00000006c0000000, 0x00000006cab00000, 0x000000076ab00000)
  object space 175104K, 3% used [0x00000006c0000000,0x00000006c06ba1e0,0x00000006cab00000)
 Metaspace       used 18266K, capacity 18536K, committed 18816K, reserved 1067008K
  class space    used 2014K, capacity 2134K, committed 2176K, reserved 1048576K
}
Event: 7.046 GC heap before
{Heap before GC invocations=3 (full 0):
 PSYoungGen      total 141824K, used 141806K [0x000000076ab00000, 0x0000000774000000, 0x00000007c0000000)
  eden space 131072K, 100% used [0x000000076ab00000,0x0000000772b00000,0x0000000772b00000)
  from space 10752K, 99% used [0x0000000773580000,0x0000000773ffb9f0,0x0000000774000000)
  to   space 10752K, 0% used [0x0000000772b00000,0x0000000772b00000,0x0000000773580000)
 ParOldGen       total 175104K, used 6888K [0x00000006c0000000, 0x00000006cab00000, 0x000000076ab00000)
  object space 175104K, 3% used [0x00000006c0000000,0x00000006c06ba1e0,0x00000006cab00000)
 Metaspace       used 20886K, capacity 21122K, committed 21296K, reserved 1069056K
  class space    used 2299K, capacity 2397K, committed 2432K, reserved 1048576K
Event: 7.090 GC heap after
Heap after GC invocations=3 (full 0):
 PSYoungGen      total 141824K, used 10726K [0x000000076ab00000, 0x000000077c000000, 0x00000007c0000000)
  eden space 131072K, 0% used [0x000000076ab00000,0x000000076ab00000,0x0000000772b00000)
  from space 10752K, 99% used [0x0000000772b00000,0x0000000773579bc0,0x0000000773580000)
  to   space 10752K, 0% used [0x000000077b580000,0x000000077b580000,0x000000077c000000)
 ParOldGen       total 175104K, used 45935K [0x00000006c0000000, 0x00000006cab00000, 0x000000076ab00000)
  object space 175104K, 26% used [0x00000006c0000000,0x00000006c2cdbfd0,0x00000006cab00000)
 Metaspace       used 20886K, capacity 21122K, committed 21296K, reserved 1069056K
  class space    used 2299K, capacity 2397K, committed 2432K, reserved 1048576K
}
Event: 7.103 GC heap before
{Heap before GC invocations=4 (full 0):
 PSYoungGen      total 141824K, used 21665K [0x000000076ab00000, 0x000000077c000000, 0x00000007c0000000)
  eden space 131072K, 8% used [0x000000076ab00000,0x000000076b5aeb40,0x0000000772b00000)
  from space 10752K, 99% used [0x0000000772b00000,0x0000000773579bc0,0x0000000773580000)
  to   space 10752K, 0% used [0x000000077b580000,0x000000077b580000,0x000000077c000000)
 ParOldGen       total 175104K, used 45935K [0x00000006c0000000, 0x00000006cab00000, 0x000000076ab00000)
  object space 175104K, 26% used [0x00000006c0000000,0x00000006c2cdbfd0,0x00000006cab00000)
 Metaspace       used 20904K, capacity 21122K, committed 21296K, reserved 1069056K
  class space    used 2299K, capacity 2397K, committed 2432K, reserved 1048576K
Event: 7.120 GC heap after
Heap after GC invocations=4 (full 0):
 PSYoungGen      total 272896K, used 10749K [0x000000076ab00000, 0x000000077c000000, 0x00000007c0000000)
  eden space 262144K, 0% used [0x000000076ab00000,0x000000076ab00000,0x000000077ab00000)
  from space 10752K, 99% used [0x000000077b580000,0x000000077bfff660,0x000000077c000000)
  to   space 10752K, 0% used [0x000000077ab00000,0x000000077ab00000,0x000000077b580000)
 ParOldGen       total 175104K, used 51837K [0x00000006c0000000, 0x00000006cab00000, 0x000000076ab00000)
  object space 175104K, 29% used [0x00000006c0000000,0x00000006c329f4f0,0x00000006cab00000)
 Metaspace       used 20904K, capacity 21122K, committed 21296K, reserved 1069056K
  class space    used 2299K, capacity 2397K, committed 2432K, reserved 1048576K
}
Event: 7.120 GC heap before
{Heap before GC invocations=5 (full 1):
 PSYoungGen      total 272896K, used 10749K [0x000000076ab00000, 0x000000077c000000, 0x00000007c0000000)
  eden space 262144K, 0% used [0x000000076ab00000,0x000000076ab00000,0x000000077ab00000)
  from space 10752K, 99% used [0x000000077b580000,0x000000077bfff660,0x000000077c000000)
  to   space 10752K, 0% used [0x000000077ab00000,0x000000077ab00000,0x000000077b580000)
 ParOldGen       total 175104K, used 51837K [0x00000006c0000000, 0x00000006cab00000, 0x000000076ab00000)
  object space 175104K, 29% used [0x00000006c0000000,0x00000006c329f4f0,0x00000006cab00000)
 Metaspace       used 20904K, capacity 21122K, committed 21296K, reserved 1069056K
  class space    used 2299K, capacity 2397K, committed 2432K, reserved 1048576K
Event: 7.423 GC heap after
Heap after GC invocations=5 (full 1):
 PSYoungGen      total 272896K, used 0K [0x000000076ab00000, 0x000000077c000000, 0x00000007c0000000)
  eden space 262144K, 0% used [0x000000076ab00000,0x000000076ab00000,0x000000077ab00000)
  from space 10752K, 0% used [0x000000077b580000,0x000000077b580000,0x000000077c000000)
  to   space 10752K, 0% used [0x000000077ab00000,0x000000077ab00000,0x000000077b580000)
 ParOldGen       total 177152K, used 59171K [0x00000006c0000000, 0x00000006cad00000, 0x000000076ab00000)
  object space 177152K, 33% used [0x00000006c0000000,0x00000006c39c8fa0,0x00000006cad00000)
 Metaspace       used 20904K, capacity 21122K, committed 21296K, reserved 1069056K
  class space    used 2299K, capacity 2397K, committed 2432K, reserved 1048576K
}

Deoptimization events (10 events):
Event: 1.632 Thread 0x00007ffbfb008000 Uncommon trap: reason=unstable_if action=reinterpret pc=0x000000011284c284 method=java.lang.AbstractStringBuilder.append(Ljava/lang/String;)Ljava/lang/AbstractStringBuilder; @ 1
Event: 6.783 Thread 0x00007ffbfb008000 Uncommon trap: reason=class_check action=maybe_recompile pc=0x0000000112a45418 method=java.util.regex.Pattern$Curly.match(Ljava/util/regex/Matcher;ILjava/lang/CharSequence;)Z @ 19
Event: 6.797 Thread 0x00007ffbfb008000 Uncommon trap: reason=class_check action=maybe_recompile pc=0x0000000112a45418 method=java.util.regex.Pattern$Curly.match(Ljava/util/regex/Matcher;ILjava/lang/CharSequence;)Z @ 19
Event: 6.798 Thread 0x00007ffbfb008000 Uncommon trap: reason=unstable_if action=reinterpret pc=0x00000001129cec18 method=sun.misc.URLClassPath$JarLoader.getResource(Ljava/lang/String;ZLjava/util/Set;)Lsun/misc/Resource; @ 17
Event: 6.843 Thread 0x00007ffbfb008000 Uncommon trap: reason=class_check action=maybe_recompile pc=0x0000000112a45418 method=java.util.regex.Pattern$Curly.match(Ljava/util/regex/Matcher;ILjava/lang/CharSequence;)Z @ 19
Event: 6.943 Thread 0x00007ffbfb008000 Uncommon trap: reason=unstable_if action=reinterpret pc=0x0000000112a405e8 method=java.lang.ThreadLocal$ThreadLocalMap.getEntry(Ljava/lang/ThreadLocal;)Ljava/lang/ThreadLocal$ThreadLocalMap$Entry; @ 29
Event: 6.948 Thread 0x00007ffbfb008000 Uncommon trap: reason=class_check action=maybe_recompile pc=0x0000000112a45418 method=java.util.regex.Pattern$Curly.match(Ljava/util/regex/Matcher;ILjava/lang/CharSequence;)Z @ 19
Event: 6.969 Thread 0x00007ffbfb008000 Uncommon trap: reason=unloaded action=reinterpret pc=0x0000000112b60788 method=com.sonicbase.index.Index.<init>(Lcom/sonicbase/schema/TableSchema;Ljava/lang/String;[Ljava/util/Comparator;)V @ 188
Event: 6.975 Thread 0x00007ffbfb008000 Uncommon trap: reason=unloaded action=reinterpret pc=0x0000000112b5cadc method=com.sonicbase.index.Index.<init>(Lcom/sonicbase/schema/TableSchema;Ljava/lang/String;[Ljava/util/Comparator;)V @ 188
Event: 7.470 Thread 0x00007ffbfb008000 Uncommon trap: reason=unstable_if action=reinterpret pc=0x0000000112a42478 method=java.lang.ThreadLocal$ThreadLocalMap.getEntry(Ljava/lang/ThreadLocal;)Ljava/lang/ThreadLocal$ThreadLocalMap$Entry; @ 29

Internal exceptions (10 events):
Event: 1.424 Thread 0x00007ffbfbd46000 Exception <a 'java/lang/NoSuchFieldError': method resolution failed> (0x000000076dc826d8) thrown at [/Users/java_re/workspace/8-2-build-macosx-x86_64/jdk8u144/9417/hotspot/src/share/vm/prims/methodHandles.cpp, line 1146]
Event: 1.427 Thread 0x00007ffbfbd46000 Exception <a 'java/lang/NoSuchFieldError': method resolution failed> (0x000000076dc90268) thrown at [/Users/java_re/workspace/8-2-build-macosx-x86_64/jdk8u144/9417/hotspot/src/share/vm/prims/methodHandles.cpp, line 1146]
Event: 1.492 Thread 0x00007ffbfbd46000 Exception <a 'java/io/IOException'> (0x000000076de81328) thrown at [/Users/java_re/workspace/8-2-build-macosx-x86_64/jdk8u144/9417/hotspot/src/share/vm/prims/jni.cpp, line 709]
Event: 1.632 Thread 0x00007ffbfb008000 Implicit null exception at 0x000000011284beb5 to 0x000000011284c271
Event: 1.654 Thread 0x00007ffbfc241000 Exception <a 'java/io/IOException'> (0x000000076e97bc28) thrown at [/Users/java_re/workspace/8-2-build-macosx-x86_64/jdk8u144/9417/hotspot/src/share/vm/prims/jni.cpp, line 709]
Event: 1.683 Thread 0x00007ffbfabeb000 Exception <a 'java/io/IOException'> (0x000000076aee2f08) thrown at [/Users/java_re/workspace/8-2-build-macosx-x86_64/jdk8u144/9417/hotspot/src/share/vm/prims/jni.cpp, line 709]
Event: 1.702 Thread 0x00007ffbfabf4800 Exception <a 'java/io/IOException'> (0x000000076b02acb8) thrown at [/Users/java_re/workspace/8-2-build-macosx-x86_64/jdk8u144/9417/hotspot/src/share/vm/prims/jni.cpp, line 709]
Event: 6.755 Thread 0x00007ffbfb008000 Exception <a 'sun/nio/fs/UnixException'> (0x000000076ea07798) thrown at [/Users/java_re/workspace/8-2-build-macosx-x86_64/jdk8u144/9417/hotspot/src/share/vm/prims/jni.cpp, line 709]
Event: 6.842 Thread 0x00007ffbf91b7000 Exception <a 'java/lang/InterruptedException': sleep interrupted> (0x000000076fb7db88) thrown at [/Users/java_re/workspace/8-2-build-macosx-x86_64/jdk8u144/9417/hotspot/src/share/vm/prims/jvm.cpp, line 3228]
Event: 6.962 Thread 0x00007ffbf9989800 Exception <a 'java/lang/InterruptedException': sleep interrupted> (0x0000000770e56310) thrown at [/Users/java_re/workspace/8-2-build-macosx-x86_64/jdk8u144/9417/hotspot/src/share/vm/prims/jvm.cpp, line 3228]

Events (10 events):
Event: 7.469 loading class com/sonicbase/streams/LocalProducer done
Event: 7.469 loading class com/sonicbase/streams/StreamsProducer
Event: 7.469 loading class com/sonicbase/streams/StreamsProducer done
Event: 7.470 Thread 0x00007ffbfb008000 Uncommon trap: trap_request=0xffffff65 fr.pc=0x0000000112a42478
Event: 7.470 Thread 0x00007ffbfb008000 DEOPT PACKING pc=0x0000000112a42478 sp=0x0000700009ef5120
Event: 7.470 Thread 0x00007ffbfb008000 DEOPT UNPACKING pc=0x00000001125e0229 sp=0x0000700009ef50d0 mode 2
Event: 7.472 loading class com/sonicbase/client/DatabaseClient$10
Event: 7.472 loading class com/sonicbase/client/DatabaseClient$10 done
Event: 7.505 loading class com/sonicbase/jdbcdriver/Parameter$Boolean
Event: 7.505 loading class com/sonicbase/jdbcdriver/Parameter$Boolean done


Dynamic libraries:
0x000000001f288000 	/System/Library/Frameworks/Cocoa.framework/Versions/A/Cocoa
0x000000001f288000 	/System/Library/Frameworks/Security.framework/Versions/A/Security
0x000000001f288000 	/System/Library/Frameworks/ApplicationServices.framework/Versions/A/ApplicationServices
0x000000001f288000 	/usr/lib/libz.1.dylib
0x000000001f288000 	/usr/lib/libSystem.B.dylib
0x000000001f288000 	/usr/lib/libobjc.A.dylib
0x000000001f288000 	/System/Library/Frameworks/CoreFoundation.framework/Versions/A/CoreFoundation
0x000000001f288000 	/System/Library/Frameworks/Foundation.framework/Versions/C/Foundation
0x000000001f288000 	/System/Library/Frameworks/AppKit.framework/Versions/C/AppKit
0x000000001f288000 	/System/Library/Frameworks/CoreData.framework/Versions/A/CoreData
0x000000001f288000 	/System/Library/PrivateFrameworks/RemoteViewServices.framework/Versions/A/RemoteViewServices
0x000000001f288000 	/System/Library/PrivateFrameworks/UIFoundation.framework/Versions/A/UIFoundation
0x000000001f288000 	/System/Library/PrivateFrameworks/DFRFoundation.framework/Versions/A/DFRFoundation
0x000000001f288000 	/usr/lib/libenergytrace.dylib
0x000000001f288000 	/System/Library/PrivateFrameworks/SkyLight.framework/Versions/A/SkyLight
0x000000001f288000 	/System/Library/Frameworks/CoreGraphics.framework/Versions/A/CoreGraphics
0x000000001f288000 	/usr/lib/libScreenReader.dylib
0x000000001f288000 	/System/Library/Frameworks/Accelerate.framework/Versions/A/Accelerate
0x000000001f288000 	/System/Library/Frameworks/IOSurface.framework/Versions/A/IOSurface
0x000000001f288000 	/System/Library/Frameworks/AudioToolbox.framework/Versions/A/AudioToolbox
0x000000001f288000 	/System/Library/Frameworks/AudioUnit.framework/Versions/A/AudioUnit
0x000000001f288000 	/System/Library/PrivateFrameworks/DataDetectorsCore.framework/Versions/A/DataDetectorsCore
0x000000001f288000 	/System/Library/PrivateFrameworks/DesktopServicesPriv.framework/Versions/A/DesktopServicesPriv
0x000000001f288000 	/System/Library/Frameworks/Carbon.framework/Versions/A/Frameworks/HIToolbox.framework/Versions/A/HIToolbox
0x000000001f288000 	/usr/lib/libicucore.A.dylib
0x000000001f288000 	/System/Library/Frameworks/QuartzCore.framework/Versions/A/QuartzCore
0x000000001f288000 	/System/Library/Frameworks/Carbon.framework/Versions/A/Frameworks/SpeechRecognition.framework/Versions/A/SpeechRecognition
0x000000001f288000 	/usr/lib/libauto.dylib
0x000000001f288000 	/usr/lib/libxml2.2.dylib
0x000000001f288000 	/System/Library/PrivateFrameworks/CoreUI.framework/Versions/A/CoreUI
0x000000001f288000 	/System/Library/Frameworks/CoreAudio.framework/Versions/A/CoreAudio
0x000000001f288000 	/System/Library/Frameworks/DiskArbitration.framework/Versions/A/DiskArbitration
0x000000001f288000 	/usr/lib/liblangid.dylib
0x000000001f288000 	/System/Library/PrivateFrameworks/MultitouchSupport.framework/Versions/A/MultitouchSupport
0x000000001f288000 	/System/Library/Frameworks/IOKit.framework/Versions/A/IOKit
0x000000001f288000 	/usr/lib/libDiagnosticMessagesClient.dylib
0x000000001f288000 	/System/Library/Frameworks/CoreServices.framework/Versions/A/CoreServices
0x000000001f288000 	/System/Library/PrivateFrameworks/PerformanceAnalysis.framework/Versions/A/PerformanceAnalysis
0x000000001f288000 	/System/Library/PrivateFrameworks/GenerationalStorage.framework/Versions/A/GenerationalStorage
0x000000001f288000 	/System/Library/Frameworks/OpenGL.framework/Versions/A/OpenGL
0x000000001f288000 	/System/Library/Frameworks/CoreImage.framework/Versions/A/CoreImage
0x000000001f288000 	/System/Library/Frameworks/CoreText.framework/Versions/A/CoreText
0x000000001f288000 	/System/Library/Frameworks/ImageIO.framework/Versions/A/ImageIO
0x000000001f288000 	/System/Library/PrivateFrameworks/Backup.framework/Versions/A/Backup
0x000000001f288000 	/usr/lib/libarchive.2.dylib
0x000000001f288000 	/System/Library/Frameworks/CFNetwork.framework/Versions/A/CFNetwork
0x000000001f288000 	/System/Library/Frameworks/SystemConfiguration.framework/Versions/A/SystemConfiguration
0x000000001f288000 	/usr/lib/libCRFSuite.dylib
0x000000001f288000 	/usr/lib/libc++.1.dylib
0x000000001f288000 	/usr/lib/libc++abi.dylib
0x000000001f288000 	/usr/lib/system/libcache.dylib
0x000000001f288000 	/usr/lib/system/libcommonCrypto.dylib
0x000000001f288000 	/usr/lib/system/libcompiler_rt.dylib
0x000000001f288000 	/usr/lib/system/libcopyfile.dylib
0x000000001f288000 	/usr/lib/system/libcorecrypto.dylib
0x000000001f288000 	/usr/lib/system/libdispatch.dylib
0x000000001f288000 	/usr/lib/system/libdyld.dylib
0x000000001f288000 	/usr/lib/system/libkeymgr.dylib
0x000000001f288000 	/usr/lib/system/liblaunch.dylib
0x000000001f288000 	/usr/lib/system/libmacho.dylib
0x000000001f288000 	/usr/lib/system/libquarantine.dylib
0x000000001f288000 	/usr/lib/system/libremovefile.dylib
0x000000001f288000 	/usr/lib/system/libsystem_asl.dylib
0x000000001f288000 	/usr/lib/system/libsystem_blocks.dylib
0x000000001f288000 	/usr/lib/system/libsystem_c.dylib
0x000000001f288000 	/usr/lib/system/libsystem_configuration.dylib
0x000000001f288000 	/usr/lib/system/libsystem_coreservices.dylib
0x000000001f288000 	/usr/lib/system/libsystem_coretls.dylib
0x000000001f288000 	/usr/lib/system/libsystem_dnssd.dylib
0x000000001f288000 	/usr/lib/system/libsystem_info.dylib
0x000000001f288000 	/usr/lib/system/libsystem_kernel.dylib
0x000000001f288000 	/usr/lib/system/libsystem_m.dylib
0x000000001f288000 	/usr/lib/system/libsystem_malloc.dylib
0x000000001f288000 	/usr/lib/system/libsystem_network.dylib
0x000000001f288000 	/usr/lib/system/libsystem_networkextension.dylib
0x000000001f288000 	/usr/lib/system/libsystem_notify.dylib
0x000000001f288000 	/usr/lib/system/libsystem_platform.dylib
0x000000001f288000 	/usr/lib/system/libsystem_pthread.dylib
0x000000001f288000 	/usr/lib/system/libsystem_sandbox.dylib
0x000000001f288000 	/usr/lib/system/libsystem_secinit.dylib
0x000000001f288000 	/usr/lib/system/libsystem_symptoms.dylib
0x000000001f288000 	/usr/lib/system/libsystem_trace.dylib
0x000000001f288000 	/usr/lib/system/libunwind.dylib
0x000000001f288000 	/usr/lib/system/libxpc.dylib
0x000000001f288000 	/usr/lib/libbsm.0.dylib
0x000000001f288000 	/usr/lib/system/libkxld.dylib
0x000000001f288000 	/usr/lib/libcoretls.dylib
0x000000001f288000 	/usr/lib/libcoretls_cfhelpers.dylib
0x000000001f288000 	/usr/lib/libOpenScriptingUtil.dylib
0x000000001f288000 	/usr/lib/libpam.2.dylib
0x000000001f288000 	/usr/lib/libsqlite3.dylib
0x000000001f288000 	/usr/lib/libxar.1.dylib
0x000000001f288000 	/usr/lib/libbz2.1.0.dylib
0x000000001f288000 	/usr/lib/liblzma.5.dylib
0x000000001f288000 	/usr/lib/libnetwork.dylib
0x000000001f288000 	/usr/lib/libpcap.A.dylib
0x000000001f288000 	/System/Library/Frameworks/CoreServices.framework/Versions/A/Frameworks/FSEvents.framework/Versions/A/FSEvents
0x000000001f288000 	/System/Library/Frameworks/CoreServices.framework/Versions/A/Frameworks/CarbonCore.framework/Versions/A/CarbonCore
0x000000001f288000 	/System/Library/Frameworks/CoreServices.framework/Versions/A/Frameworks/Metadata.framework/Versions/A/Metadata
0x000000001f288000 	/System/Library/Frameworks/CoreServices.framework/Versions/A/Frameworks/OSServices.framework/Versions/A/OSServices
0x000000001f288000 	/System/Library/Frameworks/CoreServices.framework/Versions/A/Frameworks/SearchKit.framework/Versions/A/SearchKit
0x000000001f288000 	/System/Library/Frameworks/CoreServices.framework/Versions/A/Frameworks/AE.framework/Versions/A/AE
0x000000001f288000 	/System/Library/Frameworks/CoreServices.framework/Versions/A/Frameworks/LaunchServices.framework/Versions/A/LaunchServices
0x000000001f288000 	/System/Library/Frameworks/CoreServices.framework/Versions/A/Frameworks/DictionaryServices.framework/Versions/A/DictionaryServices
0x000000001f288000 	/System/Library/Frameworks/CoreServices.framework/Versions/A/Frameworks/SharedFileList.framework/Versions/A/SharedFileList
0x000000001f288000 	/System/Library/Frameworks/NetFS.framework/Versions/A/NetFS
0x000000001f288000 	/System/Library/PrivateFrameworks/NetAuth.framework/Versions/A/NetAuth
0x000000001f288000 	/System/Library/PrivateFrameworks/login.framework/Versions/A/Frameworks/loginsupport.framework/Versions/A/loginsupport
0x000000001f288000 	/System/Library/PrivateFrameworks/TCC.framework/Versions/A/TCC
0x000000001f288000 	/usr/lib/libmecabra.dylib
0x000000001f288000 	/System/Library/Frameworks/ApplicationServices.framework/Versions/A/Frameworks/ATS.framework/Versions/A/ATS
0x000000001f288000 	/System/Library/Frameworks/ApplicationServices.framework/Versions/A/Frameworks/ColorSync.framework/Versions/A/ColorSync
0x000000001f288000 	/System/Library/Frameworks/ApplicationServices.framework/Versions/A/Frameworks/HIServices.framework/Versions/A/HIServices
0x000000001f288000 	/System/Library/Frameworks/ApplicationServices.framework/Versions/A/Frameworks/LangAnalysis.framework/Versions/A/LangAnalysis
0x000000001f288000 	/System/Library/Frameworks/ApplicationServices.framework/Versions/A/Frameworks/PrintCore.framework/Versions/A/PrintCore
0x000000001f288000 	/System/Library/Frameworks/ApplicationServices.framework/Versions/A/Frameworks/QD.framework/Versions/A/QD
0x000000001f288000 	/System/Library/Frameworks/ApplicationServices.framework/Versions/A/Frameworks/SpeechSynthesis.framework/Versions/A/SpeechSynthesis
0x000000001f288000 	/System/Library/Frameworks/Accelerate.framework/Versions/A/Frameworks/vImage.framework/Versions/A/vImage
0x000000001f288000 	/System/Library/Frameworks/Accelerate.framework/Versions/A/Frameworks/vecLib.framework/Versions/A/vecLib
0x000000001f288000 	/System/Library/Frameworks/Accelerate.framework/Versions/A/Frameworks/vecLib.framework/Versions/A/libvDSP.dylib
0x000000001f288000 	/System/Library/Frameworks/Accelerate.framework/Versions/A/Frameworks/vecLib.framework/Versions/A/libBNNS.dylib
0x000000001f288000 	/System/Library/Frameworks/Accelerate.framework/Versions/A/Frameworks/vecLib.framework/Versions/A/libQuadrature.dylib
0x000000001f288000 	/System/Library/Frameworks/Accelerate.framework/Versions/A/Frameworks/vecLib.framework/Versions/A/libvMisc.dylib
0x000000001f288000 	/System/Library/Frameworks/Accelerate.framework/Versions/A/Frameworks/vecLib.framework/Versions/A/libLAPACK.dylib
0x000000001f288000 	/System/Library/Frameworks/Accelerate.framework/Versions/A/Frameworks/vecLib.framework/Versions/A/libBLAS.dylib
0x000000001f288000 	/System/Library/Frameworks/Accelerate.framework/Versions/A/Frameworks/vecLib.framework/Versions/A/libLinearAlgebra.dylib
0x000000001f288000 	/System/Library/Frameworks/Accelerate.framework/Versions/A/Frameworks/vecLib.framework/Versions/A/libSparseBLAS.dylib
0x000000001f288000 	/System/Library/Frameworks/ApplicationServices.framework/Versions/A/Frameworks/ATS.framework/Versions/A/Resources/libFontParser.dylib
0x000000001f288000 	/System/Library/Frameworks/ApplicationServices.framework/Versions/A/Frameworks/ATS.framework/Versions/A/Resources/libFontRegistry.dylib
0x000000001f288000 	/System/Library/Frameworks/ImageIO.framework/Versions/A/Resources/libJPEG.dylib
0x000000001f288000 	/System/Library/Frameworks/ImageIO.framework/Versions/A/Resources/libTIFF.dylib
0x000000001f288000 	/System/Library/Frameworks/ImageIO.framework/Versions/A/Resources/libPng.dylib
0x000000001f288000 	/System/Library/Frameworks/ImageIO.framework/Versions/A/Resources/libGIF.dylib
0x000000001f288000 	/System/Library/Frameworks/ImageIO.framework/Versions/A/Resources/libJP2.dylib
0x000000001f288000 	/System/Library/Frameworks/ImageIO.framework/Versions/A/Resources/libRadiance.dylib
0x000000001f288000 	/usr/lib/libcompression.dylib
0x000000001f288000 	/System/Library/PrivateFrameworks/AppleJPEG.framework/Versions/A/AppleJPEG
0x000000001f288000 	/usr/lib/libcups.2.dylib
0x000000001f288000 	/System/Library/Frameworks/Kerberos.framework/Versions/A/Kerberos
0x000000001f288000 	/System/Library/Frameworks/GSS.framework/Versions/A/GSS
0x000000001f288000 	/usr/lib/libresolv.9.dylib
0x000000001f288000 	/usr/lib/libiconv.2.dylib
0x000000001f288000 	/System/Library/PrivateFrameworks/Heimdal.framework/Versions/A/Heimdal
0x000000001f288000 	/usr/lib/libheimdal-asn1.dylib
0x000000001f288000 	/System/Library/Frameworks/OpenDirectory.framework/Versions/A/OpenDirectory
0x000000001f288000 	/System/Library/PrivateFrameworks/CommonAuth.framework/Versions/A/CommonAuth
0x000000001f288000 	/System/Library/Frameworks/OpenDirectory.framework/Versions/A/Frameworks/CFOpenDirectory.framework/Versions/A/CFOpenDirectory
0x000000001f288000 	/System/Library/Frameworks/SecurityFoundation.framework/Versions/A/SecurityFoundation
0x000000001f288000 	/System/Library/PrivateFrameworks/LanguageModeling.framework/Versions/A/LanguageModeling
0x000000001f288000 	/usr/lib/libmarisa.dylib
0x000000001f288000 	/usr/lib/libChineseTokenizer.dylib
0x000000001f288000 	/usr/lib/libcmph.dylib
0x000000001f288000 	/System/Library/PrivateFrameworks/CoreEmoji.framework/Versions/A/CoreEmoji
0x000000001f288000 	/System/Library/Frameworks/ServiceManagement.framework/Versions/A/ServiceManagement
0x000000001f288000 	/usr/lib/libxslt.1.dylib
0x000000001f288000 	/System/Library/Frameworks/Carbon.framework/Versions/A/Frameworks/Ink.framework/Versions/A/Ink
0x000000001f288000 	/System/Library/PrivateFrameworks/TextureIO.framework/Versions/A/TextureIO
0x000000001f288000 	/System/Library/Frameworks/Metal.framework/Versions/A/Metal
0x000000001f288000 	/usr/lib/libate.dylib
0x000000001f288000 	/System/Library/PrivateFrameworks/GPUCompiler.framework/libmetal_timestamp.dylib
0x000000001f288000 	/System/Library/Frameworks/OpenGL.framework/Versions/A/Libraries/libCoreFSCache.dylib
0x000000001f288000 	/System/Library/PrivateFrameworks/IOAccelerator.framework/Versions/A/IOAccelerator
0x000000001f288000 	/System/Library/Frameworks/CoreVideo.framework/Versions/A/CoreVideo
0x000000001f288000 	/usr/lib/libFosl_dynamic.dylib
0x000000001f288000 	/System/Library/PrivateFrameworks/MetalPerformanceShaders.framework/Versions/A/MetalPerformanceShaders
0x000000001f288000 	/System/Library/PrivateFrameworks/FaceCore.framework/Versions/A/FaceCore
0x000000001f288000 	/System/Library/Frameworks/OpenCL.framework/Versions/A/OpenCL
0x000000001f288000 	/System/Library/Frameworks/OpenGL.framework/Versions/A/Libraries/libGLU.dylib
0x000000001f288000 	/System/Library/Frameworks/OpenGL.framework/Versions/A/Libraries/libGFXShared.dylib
0x000000001f288000 	/System/Library/Frameworks/OpenGL.framework/Versions/A/Libraries/libGL.dylib
0x000000001f288000 	/System/Library/Frameworks/OpenGL.framework/Versions/A/Libraries/libGLImage.dylib
0x000000001f288000 	/System/Library/Frameworks/OpenGL.framework/Versions/A/Libraries/libCVMSPluginSupport.dylib
0x000000001f288000 	/System/Library/Frameworks/OpenGL.framework/Versions/A/Libraries/libCoreVMClient.dylib
0x000000001f288000 	/System/Library/PrivateFrameworks/CrashReporterSupport.framework/Versions/A/CrashReporterSupport
0x000000001f288000 	/System/Library/PrivateFrameworks/Sharing.framework/Versions/A/Sharing
0x000000001f288000 	/System/Library/PrivateFrameworks/IconServices.framework/Versions/A/IconServices
0x000000001f288000 	/System/Library/PrivateFrameworks/ProtocolBuffer.framework/Versions/A/ProtocolBuffer
0x000000001f288000 	/System/Library/PrivateFrameworks/Apple80211.framework/Versions/A/Apple80211
0x000000001f288000 	/System/Library/Frameworks/CoreWLAN.framework/Versions/A/CoreWLAN
0x000000001f288000 	/System/Library/PrivateFrameworks/CoreUtils.framework/Versions/A/CoreUtils
0x000000001f288000 	/System/Library/Frameworks/IOBluetooth.framework/Versions/A/IOBluetooth
0x000000001f288000 	/System/Library/PrivateFrameworks/CoreWiFi.framework/Versions/A/CoreWiFi
0x000000001f288000 	/System/Library/Frameworks/CoreBluetooth.framework/Versions/A/CoreBluetooth
0x000000001f288000 	/System/Library/Frameworks/CoreDisplay.framework/Versions/A/CoreDisplay
0x000000001f288000 	/System/Library/PrivateFrameworks/IOPresentment.framework/Versions/A/IOPresentment
0x000000001f288000 	/System/Library/PrivateFrameworks/DSExternalDisplay.framework/Versions/A/DSExternalDisplay
0x000000001f288000 	/System/Library/PrivateFrameworks/DebugSymbols.framework/Versions/A/DebugSymbols
0x000000001f288000 	/System/Library/PrivateFrameworks/CoreSymbolication.framework/Versions/A/CoreSymbolication
0x000000001f288000 	/System/Library/PrivateFrameworks/Symbolication.framework/Versions/A/Symbolication
0x000000001f288000 	/System/Library/PrivateFrameworks/AppleFSCompression.framework/Versions/A/AppleFSCompression
0x000000001f288000 	/System/Library/PrivateFrameworks/SpeechRecognitionCore.framework/Versions/A/SpeechRecognitionCore
0x000000001f288000 	/System/Library/PrivateFrameworks/ChunkingLibrary.framework/Versions/A/ChunkingLibrary
0x000000010e000000 	/Library/Java/JavaVirtualMachines/jdk1.8.0_144.jdk/Contents/Home/jre/lib/server/libjvm.dylib
0x000000001f288000 	/usr/lib/libstdc++.6.dylib
0x000000010ce99000 	/Library/Java/JavaVirtualMachines/jdk1.8.0_144.jdk/Contents/Home/jre/lib/libverify.dylib
0x000000010cea7000 	/Library/Java/JavaVirtualMachines/jdk1.8.0_144.jdk/Contents/Home/jre/lib/libjava.dylib
0x000000010cedd000 	/Library/Java/JavaVirtualMachines/jdk1.8.0_144.jdk/Contents/Home/jre/lib/libinstrument.dylib
0x000000010cf3b000 	/Library/Java/JavaVirtualMachines/jdk1.8.0_144.jdk/Contents/Home/jre/lib/libzip.dylib
0x000000012a01b000 	/System/Library/Frameworks/JavaVM.framework/Frameworks/JavaRuntimeSupport.framework/JavaRuntimeSupport
0x000000012a035000 	/System/Library/Frameworks/JavaVM.framework/Versions/A/Frameworks/JavaNativeFoundation.framework/Versions/A/JavaNativeFoundation
0x000000010cfef000 	/System/Library/Frameworks/JavaVM.framework/Versions/A/JavaVM
0x000000001f288000 	/System/Library/Frameworks/Carbon.framework/Versions/A/Carbon
0x000000012a04a000 	/System/Library/PrivateFrameworks/JavaLaunching.framework/Versions/A/JavaLaunching
0x000000001f288000 	/System/Library/Frameworks/Carbon.framework/Versions/A/Frameworks/CommonPanels.framework/Versions/A/CommonPanels
0x000000001f288000 	/System/Library/Frameworks/Carbon.framework/Versions/A/Frameworks/Help.framework/Versions/A/Help
0x000000001f288000 	/System/Library/Frameworks/Carbon.framework/Versions/A/Frameworks/ImageCapture.framework/Versions/A/ImageCapture
0x000000001f288000 	/System/Library/Frameworks/Carbon.framework/Versions/A/Frameworks/OpenScripting.framework/Versions/A/OpenScripting
0x000000001f288000 	/System/Library/Frameworks/Carbon.framework/Versions/A/Frameworks/Print.framework/Versions/A/Print
0x000000001f288000 	/System/Library/Frameworks/Carbon.framework/Versions/A/Frameworks/SecurityHI.framework/Versions/A/SecurityHI
0x000000012b953000 	/Library/Java/JavaVirtualMachines/jdk1.8.0_144.jdk/Contents/Home/jre/lib/libnet.dylib
0x000000012f20a000 	/Library/Java/JavaVirtualMachines/jdk1.8.0_144.jdk/Contents/Home/jre/lib/libmanagement.dylib
0x000000012f218000 	/private/var/folders/6w/lwj5whv15rs_3npcygbvrr1h0000gn/T/liblz4-java3545685563377242689.dylib
0x000000012f2c5000 	/Library/Java/JavaVirtualMachines/jdk1.8.0_144.jdk/Contents/Home/jre/lib/libnio.dylib
0x000000012f2d5000 	/Library/Java/JavaVirtualMachines/jdk1.8.0_144.jdk/Contents/Home/jre/lib/libsunec.dylib

VM Arguments:
jvm_args: -ea -Dlog4j.configuration=test-log4j.xml -Didea.test.cyclic.buffer.size=1048576 -javaagent:/Applications/IntelliJ IDEA.app/Contents/lib/idea_rt.jar=63638:/Applications/IntelliJ IDEA.app/Contents/bin -Dfile.encoding=UTF-8 
java_command: org.testng.RemoteTestNGStarter -usedefaultlisteners false -socket63637 @w@/private/var/folders/6w/lwj5whv15rs_3npcygbvrr1h0000gn/T/idea_working_dirs_testng.tmp -temp /private/var/folders/6w/lwj5whv15rs_3npcygbvrr1h0000gn/T/idea_testng.tmp
java_class_path (initial): /Applications/IntelliJ IDEA.app/Contents/lib/idea_rt.jar:/Applications/IntelliJ IDEA.app/Contents/plugins/testng/lib/testng-plugin.jar:/Library/Java/JavaVirtualMachines/jdk1.8.0_144.jdk/Contents/Home/jre/lib/charsets.jar:/Library/Java/JavaVirtualMachines/jdk1.8.0_144.jdk/Contents/Home/jre/lib/deploy.jar:/Library/Java/JavaVirtualMachines/jdk1.8.0_144.jdk/Contents/Home/jre/lib/ext/cldrdata.jar:/Library/Java/JavaVirtualMachines/jdk1.8.0_144.jdk/Contents/Home/jre/lib/ext/dnsns.jar:/Library/Java/JavaVirtualMachines/jdk1.8.0_144.jdk/Contents/Home/jre/lib/ext/jaccess.jar:/Library/Java/JavaVirtualMachines/jdk1.8.0_144.jdk/Contents/Home/jre/lib/ext/jfxrt.jar:/Library/Java/JavaVirtualMachines/jdk1.8.0_144.jdk/Contents/Home/jre/lib/ext/localedata.jar:/Library/Java/JavaVirtualMachines/jdk1.8.0_144.jdk/Contents/Home/jre/lib/ext/nashorn.jar:/Library/Java/JavaVirtualMachines/jdk1.8.0_144.jdk/Contents/Home/jre/lib/ext/sunec.jar:/Library/Java/JavaVirtualMachines/jdk1.8.0_144.jdk/Contents/Home/jre/lib/ext/sunjce_provider.jar:/Library/Java/JavaVirtualMachines/jdk1.8.0_144.jdk/Contents/Home/jre/lib/ext/sunpkcs11.jar:/Library/Java/JavaVirtualMachines/jdk1.8.0_144.jdk/Contents/Home/jre/lib/ext/zipfs.jar:/Library/Java/JavaVirtualMachines/jdk1.8.0_144.jdk/Contents/Home/jre/lib/javaws.jar:/Library/Java/JavaVirtualMachines/jdk1.8.0_144.jdk/Contents/Home/jre/lib/jce.jar:/Library/Java/JavaVirtualMachines/jdk1.8.0_144.jdk/Contents/Home/jre/lib/jfr.jar:/Library/Java/JavaVirtualMachines/jdk1.8.0_144.jdk/Contents/Home/jre/lib/jfxswt.jar:/Library/Java/JavaVirtualMachines/jdk1.8.0_144.jdk/Contents/Home/jre/lib/jsse.jar:/Library/Java/JavaVirtualMachines/jdk1.8.0_144.jdk/Contents/Home/jre/lib/management-agent.jar:/Library/Java/JavaVirtualMachines/jdk1.8.0_144.jdk/Contents/Home/jre/lib/plugin.jar:/Library/Java/JavaVirtualMachines/jdk1.8.0_144.jdk/Contents/Home/jre/lib/resources.jar:/Library/Java/JavaVirtualMachines/jdk1.8.0_144.jdk/Contents/Home/jre/lib/rt.jar:/Library/Java
Launcher Type: SUN_STANDARD

Environment Variables:
PATH=/usr/local/bin:/usr/bin:/bin:/usr/sbin:/sbin
SHELL=/bin/bash

Signal Handlers:
SIGSEGV: [libjvm.dylib+0x5b26e5], sa_mask[0]=11111111011111110111111111111111, sa_flags=SA_ONSTACK|SA_RESTART|SA_SIGINFO
SIGBUS: [libjvm.dylib+0x5b26e5], sa_mask[0]=11111111011111110111111111111111, sa_flags=SA_RESTART|SA_SIGINFO
SIGFPE: [libjvm.dylib+0x489100], sa_mask[0]=11111111011111110111111111111111, sa_flags=SA_RESTART|SA_SIGINFO
SIGPIPE: [libjvm.dylib+0x489100], sa_mask[0]=11111111011111110111111111111111, sa_flags=SA_RESTART|SA_SIGINFO
SIGXFSZ: [libjvm.dylib+0x489100], sa_mask[0]=11111111011111110111111111111111, sa_flags=SA_RESTART|SA_SIGINFO
SIGILL: [libjvm.dylib+0x489100], sa_mask[0]=11111111011111110111111111111111, sa_flags=SA_RESTART|SA_SIGINFO
SIGUSR1: SIG_DFL, sa_mask[0]=00000000000000000000000000000000, sa_flags=none
SIGUSR2: [libjvm.dylib+0x488c1e], sa_mask[0]=00100000000000000000000000000000, sa_flags=SA_RESTART|SA_SIGINFO
SIGHUP: [libjvm.dylib+0x4871f5], sa_mask[0]=11111111011111110111111111111111, sa_flags=SA_RESTART|SA_SIGINFO
SIGINT: [libjvm.dylib+0x4871f5], sa_mask[0]=11111111011111110111111111111111, sa_flags=SA_RESTART|SA_SIGINFO
SIGTERM: [libjvm.dylib+0x4871f5], sa_mask[0]=11111111011111110111111111111111, sa_flags=SA_RESTART|SA_SIGINFO
SIGQUIT: [libjvm.dylib+0x4871f5], sa_mask[0]=11111111011111110111111111111111, sa_flags=SA_RESTART|SA_SIGINFO


---------------  S Y S T E M  ---------------

OS:Bsduname:Darwin 16.7.0 Darwin Kernel Version 16.7.0: Thu Jan 11 22:59:40 PST 2018; root:xnu-3789.73.8~1/RELEASE_X86_64 x86_64
rlimit: STACK 8192k, CORE 0k, NPROC 709, NOFILE 10240, AS infinity
load average:2.67 2.78 2.84

CPU:total 8 (initial active 8) (4 cores per cpu, 2 threads per core) family 6 model 158 stepping 9, cmov, cx8, fxsr, mmx, sse, sse2, sse3, ssse3, sse4.1, sse4.2, popcnt, avx, avx2, aes, clmul, erms, 3dnowpref, lzcnt, ht, tsc, tscinvbit, bmi1, bmi2, adx

Memory: 4k page, physical 16777216k(28036k free)

/proc/meminfo:


vm_info: Java HotSpot(TM) 64-Bit Server VM (25.144-b01) for bsd-amd64 JRE (1.8.0_144-b01), built on Jul 21 2017 22:07:42 by "java_re" with gcc 4.2.1 (Based on Apple Inc. build 5658) (LLVM build 2336.11.00)

time: Thu Mar 15 22:36:54 2018
elapsed time: 7 seconds (0d 0h 0m 7s)

